# JRE version: Java(TM) SE Runtime Environment (8.0_51-b16) (build 1.8.0_51-b16)
# Java VM: Java HotSpot(TM) 64-Bit Server VM (25.51-b03 mixed mode windows-amd64 compressed oops)
Heap:
 PSYoungGen      total 153088K, used 9310K [0x0000000715a00000, 0x0000000720480000, 0x00000007c0000000)
  eden space 131584K, 7% used [0x0000000715a00000,0x0000000716317b18,0x000000071da80000)
  from space 21504K, 0% used [0x000000071da80000,0x000000071da80000,0x000000071ef80000)
  to   space 21504K, 0% used [0x000000071ef80000,0x000000071ef80000,0x0000000720480000)
 ParOldGen       total 141824K, used 9884K [0x00000005c0e00000, 0x00000005c9880000, 0x0000000715a00000)
  object space 141824K, 6% used [0x00000005c0e00000,0x00000005c17a7220,0x00000005c9880000)
 Metaspace       used 20125K, capacity 21716K, committed 21760K, reserved 1067008K
  class space    used 3052K, capacity 3328K, committed 3328K, reserved 1048576K
GC Heap History (4 events):
Event: 22.142 GC heap before
{Heap before GC invocations=1 (full 0):
 PSYoungGen      total 153088K, used 73414K [0x0000000715a00000, 0x0000000720480000, 0x00000007c0000000)
  eden space 131584K, 55% used [0x0000000715a00000,0x000000071a1b1978,0x000000071da80000)
  from space 21504K, 0% used [0x000000071ef80000,0x000000071ef80000,0x0000000720480000)
  to   space 21504K, 0% used [0x000000071da80000,0x000000071da80000,0x000000071ef80000)
 ParOldGen       total 349696K, used 0K [0x00000005c0e00000, 0x00000005d6380000, 0x0000000715a00000)
  object space 349696K, 0% used [0x00000005c0e00000,0x00000005c0e00000,0x00000005d6380000)
 Metaspace       used 19655K, capacity 21108K, committed 21248K, reserved 1067008K
  class space    used 2963K, capacity 3208K, committed 3328K, reserved 1048576K
Event: 22.149 GC heap after
Heap after GC invocations=1 (full 0):
 PSYoungGen      total 153088K, used 12053K [0x0000000715a00000, 0x0000000720480000, 0x00000007c0000000)
  eden space 131584K, 0% used [0x0000000715a00000,0x0000000715a00000,0x000000071da80000)
  from space 21504K, 56% used [0x000000071da80000,0x000000071e645738,0x000000071ef80000)
  to   space 21504K, 0% used [0x000000071ef80000,0x000000071ef80000,0x0000000720480000)
 ParOldGen       total 349696K, used 47K [0x00000005c0e00000, 0x00000005d6380000, 0x0000000715a00000)
  object space 349696K, 0% used [0x00000005c0e00000,0x00000005c0e0bc60,0x00000005d6380000)
 Metaspace       used 19655K, capacity 21108K, committed 21248K, reserved 1067008K
  class space    used 2963K, capacity 3208K, committed 3328K, reserved 1048576K
}
Event: 22.149 GC heap before
{Heap before GC invocations=2 (full 1):
 PSYoungGen      total 153088K, used 12053K [0x0000000715a00000, 0x0000000720480000, 0x00000007c0000000)
  eden space 131584K, 0% used [0x0000000715a00000,0x0000000715a00000,0x000000071da80000)
  from space 21504K, 56% used [0x000000071da80000,0x000000071e645738,0x000000071ef80000)
  to   space 21504K, 0% used [0x000000071ef80000,0x000000071ef80000,0x0000000720480000)
 ParOldGen       total 349696K, used 47K [0x00000005c0e00000, 0x00000005d6380000, 0x0000000715a00000)
  object space 349696K, 0% used [0x00000005c0e00000,0x00000005c0e0bc60,0x00000005d6380000)
 Metaspace       used 19655K, capacity 21108K, committed 21248K, reserved 1067008K
  class space    used 2963K, capacity 3208K, committed 3328K, reserved 1048576K
Event: 22.174 GC heap after
Heap after GC invocations=2 (full 1):
 PSYoungGen      total 153088K, used 0K [0x0000000715a00000, 0x0000000720480000, 0x00000007c0000000)
  eden space 131584K, 0% used [0x0000000715a00000,0x0000000715a00000,0x000000071da80000)
  from space 21504K, 0% used [0x000000071da80000,0x000000071da80000,0x000000071ef80000)
  to   space 21504K, 0% used [0x000000071ef80000,0x000000071ef80000,0x0000000720480000)
 ParOldGen       total 141824K, used 9884K [0x00000005c0e00000, 0x00000005c9880000, 0x0000000715a00000)
  object space 141824K, 6% used [0x00000005c0e00000,0x00000005c17a7220,0x00000005c9880000)
 Metaspace       used 19655K, capacity 21108K, committed 21248K, reserved 1067008K
  class space    used 2963K, capacity 3208K, committed 3328K, reserved 1048576K
}

